OnRun idx=16 prog="F:\Games\Adrenix\Adrenix.exe"
setwindowshook mode
OnRun idx=17 prog="F:\Games\Adrenix\AdrenixD.exe"
setwindowshook mode
OnRun idx=16 prog="F:\Games\Adrenix\Adrenix.exe"
checksafediscversion
setwindowshook mode
OnRun idx=16 prog="F:\Games\Adrenix\Adrenix.exe"
setwindowshook mode
OnRun idx=16 prog="F:\Games\Adrenix\Adrenix.exe"
setwindowshook mode
OnRun idx=18 prog="V:\ADRENIX.EXE"
setwindowshook mode
OnRun idx=19 prog="V:\ADRENIXD.EXE"
setwindowshook mode
OnRun idx=20 prog="V:\ADRHEAT.EXE"
setwindowshook mode
OnRun idx=21 prog="V:\ADRHEATD.EXE"
setwindowshook mode
OnRun idx=22 prog="V:\ADX_VID.EXE"
setwindowshook mode
OnRun idx=16 prog="F:\Games\Adrenix\Adrenix.exe"
setwindowshook mode
OnRun idx=17 prog="F:\Games\Adrenix\AdrenixD.exe"
setwindowshook mode
OnRun idx=17 prog="F:\Games\Adrenix\AdrenixD.exe"
setwindowshook mode
OnRun idx=16 prog="F:\Games\Adrenix\Adrenix.exe"
setwindowshook mode
OnRun idx=16 prog="F:\Games\Adrenix\Adrenix.exe"
setwindowshook mode
